** Choco 4.10.5 (2020-10) : Constraint Programming Solver, Copyright (c) 2010-2020
- Model[Model-0] features:
	Variables : 182
	Constraints : 195
	Building time : 0,680s
	User-defined search strategy : yes
	Complementary search strategy : no
- Complete search - 2 solution(s) found.
	Model[Model-0]
	Solutions: 2
	Building time : 0,680s
	Resolution time : 0,765s
	Nodes: 12 (15,7 n/s) 
	Backtracks: 21
	Backjumps: 0
	Fails: 9
	Restarts: 0

FORTNITERS(2,2,3,1,1)
solution 1:
	Day 1
		Session 1: 0, 1, 
		Session 2: 2, 3, 

	Day 2
		Session 1: 0, 2, 
		Session 2: 1, 3, 

	Day 3
		Session 1: 0, 3, 
		Session 2: 1, 2, 

solution 2:
	Day 1
		Session 1: 0, 1, 
		Session 2: 2, 3, 

	Day 2
		Session 1: 0, 2, 
		Session 2: 1, 3, 

	Day 3
		Session 1: 1, 2, 
		Session 2: 0, 3, 


FORTNITERS(2,2,3,1,1)
solution 1:
	Day 1
		Session 1: 0, 1, 
		Session 2: 2, 3, 

	Day 2
		Session 1: 0, 2, 
		Session 2: 1, 3, 

	Day 3
		Session 1: 0, 3, 
		Session 2: 1, 2, 

solution 2:
	Day 1
		Session 1: 0, 1, 
		Session 2: 2, 3, 

	Day 2
		Session 1: 0, 2, 
		Session 2: 1, 3, 

	Day 3
		Session 1: 1, 2, 
		Session 2: 0, 3, 


